Arguments: 
  C:\Program Files\nodejs\node.exe C:\Users\Mahdieh\AppData\Roaming\npm\node_modules\yarn\bin\yarn.js add dotenv

PATH: 
  C:\Program Files\Common Files\Oracle\Java\javapath;C:\Program Files (x86)\Common Files\Oracle\Java\javapath;C:\Windows\system32;C:\Windows;C:\Windows\System32\Wbem;C:\Windows\System32\WindowsPowerShell\v1.0\;C:\Windows\System32\OpenSSH\;C:\Program Files (x86)\NVIDIA Corporation\PhysX\Common;C:\Program Files\NVIDIA Corporation\NVIDIA NvDLISR;C:\Program Files\Git\cmd;C:\Program Files\Java\jdk-11.0.13\bin;D:\Android\Sdk\tools\bin;D:\Android\Sdk\platform-tools;C:\Program Files\nodejs\;C:\Program Files\dotnet\;C:\Program Files\OpenSSL-Win64\bin;C:\Users\Mahdieh\AppData\Local\Programs\Python\Python310\Scripts;C:\Program Files\Common Files\Oracle\Java\javapath;C:\Program Files (x86)\Common Files\Oracle\Java\javapath;C:\Windows\system32;C:\Windows;C:\Windows\System32\Wbem;C:\Windows\System32\WindowsPowerShell\v1.0\;C:\Windows\System32\OpenSSH\;C:\Program Files (x86)\NVIDIA Corporation\PhysX\Common;C:\Program Files\NVIDIA Corporation\NVIDIA NvDLISR;C:\Program Files\Git\cmd;C:\Program Files\Java\jdk-11.0.13\bin;D:\Android\Sdk\tools\bin;D:\Android\Sdk\platform-tools;C:\Program Files\nodejs\;C:\Program Files\dotnet\;C:\Program Files\OpenSSL-Win64\bin;C:\Users\Mahdieh\AppData\Local\Microsoft\WindowsApps;C:\Users\Mahdieh\AppData\Local\Programs\Microsoft VS Code\bin;C:\Users\Mahdieh\AppData\Roaming\npm;C:\Users\Mahdieh\AppData\Local\Programs\Python\Python310\Scripts

Yarn version: 
  1.22.17

Node version: 
  16.13.0

Platform: 
  win32 x64

Trace: 
  Error: EPERM: operation not permitted, unlink 'C:\Users\Mahdieh\Desktop\Projects\blockchain-projects\epic-nfts\node_modules\keccak\prebuilds\win32-x64\node.napi.node'

npm manifest: 
  {
    "name": "epic-nfts",
    "version": "1.0.0",
    "description": "",
    "main": "index.js",
    "scripts": {
      "test": "echo \"Error: no test specified\" && exit 1"
    },
    "keywords": [],
    "author": "",
    "license": "ISC",
    "devDependencies": {
      "hardhat": "^2.9.9"
    },
    "dependencies": {
      "@nomiclabs/hardhat-ethers": "^2.1.0",
      "@nomiclabs/hardhat-waffle": "^2.0.3",
      "@openzeppelin/contracts": "^4.7.3",
      "chai": "^4.3.6",
      "ethereum-waffle": "^3.4.4",
      "ethers": "^5.6.9"
    }
  }

yarn manifest: 
  No manifest

Lockfile: 
  No lockfile
